CUDA is a parallel computing platform for computing on GPUs, https://developer.nvidia.com/cuda-toolkit
prepending to __UENV: cuda-11.4.4
setting env CUDA_HOME=/usr/local/_cuda/cuda-11.4.4_ubuntu20
prepending to PATH: /usr/local/_cuda/cuda-11.4.4_ubuntu20/bin
prepending to LD_LIBRARY_PATH: /usr/local/_cuda/cuda-11.4.4_ubuntu20/lib64


A GPU-accelerated library of primitives for deep neural networks, https://developer.nvidia.com/cudnn
prepending to __UENV: cudnn-11.4-8.2.4
prepending to LD_LIBRARY_PATH: /usr/local/libcudnn-11.4-8.2.4/cuda/lib64



Collecting wandb
  Downloading wandb-0.16.6-py3-none-any.whl.metadata (10 kB)
Collecting Click!=8.0.0,>=7.1 (from wandb)
  Downloading click-8.1.7-py3-none-any.whl.metadata (3.0 kB)
Collecting GitPython!=3.1.29,>=1.0.0 (from wandb)
  Downloading GitPython-3.1.43-py3-none-any.whl.metadata (13 kB)
Requirement already satisfied: requests<3,>=2.0.0 in /home/stud/timlin/.conda/envs/torch550/lib/python3.11/site-packages (from wandb) (2.31.0)
Requirement already satisfied: psutil>=5.0.0 in /home/stud/timlin/.conda/envs/torch550/lib/python3.11/site-packages (from wandb) (5.9.8)
Collecting sentry-sdk>=1.0.0 (from wandb)
  Downloading sentry_sdk-1.45.0-py2.py3-none-any.whl.metadata (9.9 kB)
Collecting docker-pycreds>=0.4.0 (from wandb)
  Downloading docker_pycreds-0.4.0-py2.py3-none-any.whl.metadata (1.8 kB)
Requirement already satisfied: PyYAML in /home/stud/timlin/.conda/envs/torch550/lib/python3.11/site-packages (from wandb) (6.0.1)
Collecting setproctitle (from wandb)
  Downloading setproctitle-1.3.3-cp311-cp311-manylinux_2_5_x86_64.manylinux1_x86_64.manylinux_2_17_x86_64.manylinux2014_x86_64.whl.metadata (9.9 kB)
Requirement already satisfied: setuptools in /home/stud/timlin/.conda/envs/torch550/lib/python3.11/site-packages (from wandb) (68.2.2)
Collecting appdirs>=1.4.3 (from wandb)
  Downloading appdirs-1.4.4-py2.py3-none-any.whl.metadata (9.0 kB)
Collecting protobuf!=4.21.0,<5,>=3.19.0 (from wandb)
  Downloading protobuf-4.25.3-cp37-abi3-manylinux2014_x86_64.whl.metadata (541 bytes)
Collecting six>=1.4.0 (from docker-pycreds>=0.4.0->wandb)
  Downloading six-1.16.0-py2.py3-none-any.whl.metadata (1.8 kB)
Collecting gitdb<5,>=4.0.1 (from GitPython!=3.1.29,>=1.0.0->wandb)
  Downloading gitdb-4.0.11-py3-none-any.whl.metadata (1.2 kB)
Requirement already satisfied: charset-normalizer<4,>=2 in /home/stud/timlin/.conda/envs/torch550/lib/python3.11/site-packages (from requests<3,>=2.0.0->wandb) (3.3.2)
Requirement already satisfied: idna<4,>=2.5 in /home/stud/timlin/.conda/envs/torch550/lib/python3.11/site-packages (from requests<3,>=2.0.0->wandb) (3.6)
Requirement already satisfied: urllib3<3,>=1.21.1 in /home/stud/timlin/.conda/envs/torch550/lib/python3.11/site-packages (from requests<3,>=2.0.0->wandb) (2.2.1)
Requirement already satisfied: certifi>=2017.4.17 in /home/stud/timlin/.conda/envs/torch550/lib/python3.11/site-packages (from requests<3,>=2.0.0->wandb) (2024.2.2)
Collecting smmap<6,>=3.0.1 (from gitdb<5,>=4.0.1->GitPython!=3.1.29,>=1.0.0->wandb)
  Downloading smmap-5.0.1-py3-none-any.whl.metadata (4.3 kB)
Downloading wandb-0.16.6-py3-none-any.whl (2.2 MB)
   ━━━━━━━━━━━━━━━━━━━━━━━━━━━━━━━━━━━━━━━━ 2.2/2.2 MB 6.8 MB/s eta 0:00:00
Downloading appdirs-1.4.4-py2.py3-none-any.whl (9.6 kB)
Downloading click-8.1.7-py3-none-any.whl (97 kB)
   ━━━━━━━━━━━━━━━━━━━━━━━━━━━━━━━━━━━━━━━━ 97.9/97.9 kB 341.1 kB/s eta 0:00:00
Downloading docker_pycreds-0.4.0-py2.py3-none-any.whl (9.0 kB)
Downloading GitPython-3.1.43-py3-none-any.whl (207 kB)
   ━━━━━━━━━━━━━━━━━━━━━━━━━━━━━━━━━━━━━━━ 207.3/207.3 kB 811.6 kB/s eta 0:00:00
Downloading protobuf-4.25.3-cp37-abi3-manylinux2014_x86_64.whl (294 kB)
   ━━━━━━━━━━━━━━━━━━━━━━━━━━━━━━━━━━━━━━━━ 294.6/294.6 kB 1.1 MB/s eta 0:00:00
Downloading sentry_sdk-1.45.0-py2.py3-none-any.whl (267 kB)
   ━━━━━━━━━━━━━━━━━━━━━━━━━━━━━━━━━━━━━━━━ 267.1/267.1 kB 1.1 MB/s eta 0:00:00
Downloading setproctitle-1.3.3-cp311-cp311-manylinux_2_5_x86_64.manylinux1_x86_64.manylinux_2_17_x86_64.manylinux2014_x86_64.whl (31 kB)
Downloading gitdb-4.0.11-py3-none-any.whl (62 kB)
   ━━━━━━━━━━━━━━━━━━━━━━━━━━━━━━━━━━━━━━━━ 62.7/62.7 kB 201.4 kB/s eta 0:00:00
Downloading six-1.16.0-py2.py3-none-any.whl (11 kB)
Downloading smmap-5.0.1-py3-none-any.whl (24 kB)
Installing collected packages: appdirs, smmap, six, setproctitle, sentry-sdk, protobuf, Click, gitdb, docker-pycreds, GitPython, wandb
Successfully installed Click-8.1.7 GitPython-3.1.43 appdirs-1.4.4 docker-pycreds-0.4.0 gitdb-4.0.11 protobuf-4.25.3 sentry-sdk-1.45.0 setproctitle-1.3.3 six-1.16.0 smmap-5.0.1 wandb-0.16.6
