CUDA is a parallel computing platform for computing on GPUs, https://developer.nvidia.com/cuda-toolkit
prepending to __UENV: cuda-11.4.4
setting env CUDA_HOME=/usr/local/_cuda/cuda-11.4.4_ubuntu20
prepending to PATH: /usr/local/_cuda/cuda-11.4.4_ubuntu20/bin
prepending to LD_LIBRARY_PATH: /usr/local/_cuda/cuda-11.4.4_ubuntu20/lib64


A GPU-accelerated library of primitives for deep neural networks, https://developer.nvidia.com/cudnn
prepending to __UENV: cudnn-11.4-8.2.4
prepending to LD_LIBRARY_PATH: /usr/local/libcudnn-11.4-8.2.4/cuda/lib64



Zip file extraction started
Zip file extracted
Reading data
Finished reading data
Preparing data
wandb: Currently logged in as: tlindeijer. Use `wandb login --relogin` to force relogin
wandb: Tracking run with wandb version 0.16.6
wandb: Run data is saved locally in /mnt/beegfs/home/timlin/dat550/TiToHeDAT550/wandb/run-20240416_112735-e1eoy54t
wandb: Run `wandb offline` to turn off syncing.
wandb: Syncing run clip-only-90epochs
wandb: ⭐️ View project at https://wandb.ai/tlindeijer/dat550-multimodal
wandb: 🚀 View run at https://wandb.ai/tlindeijer/dat550-multimodal/runs/e1eoy54t
Epoch 1, Loss: 0.6490099288649478
Validation Accuracy: 0.6165254237288136
Epoch 2, Loss: 0.6344068989915362
Validation Accuracy: 0.6165254237288136
Epoch 3, Loss: 0.6296916674759429
Validation Accuracy: 0.6165254237288136
Epoch 4, Loss: 0.6256105414891647
Validation Accuracy: 0.6165254237288136
Epoch 5, Loss: 0.6214928288581008
Validation Accuracy: 0.6165254237288136
Epoch 6, Loss: 0.6166337890140081
Validation Accuracy: 0.6165254237288136
Epoch 7, Loss: 0.613236469737554
Validation Accuracy: 0.6165254237288136
Epoch 8, Loss: 0.609702752808393
Validation Accuracy: 0.6122881355932204
Epoch 9, Loss: 0.6066990383600784
Validation Accuracy: 0.614406779661017
Epoch 10, Loss: 0.6039917398307283
Validation Accuracy: 0.6207627118644068
Epoch 11, Loss: 0.6012472480030383
Validation Accuracy: 0.6271186440677966
Epoch 12, Loss: 0.5983358929722996
Validation Accuracy: 0.6165254237288136
Epoch 13, Loss: 0.597096141617177
Validation Accuracy: 0.6313559322033898
Epoch 14, Loss: 0.5943616608441886
Validation Accuracy: 0.6588983050847458
Epoch 15, Loss: 0.5915487635943849
Validation Accuracy: 0.6313559322033898
Epoch 16, Loss: 0.5900026711366945
Validation Accuracy: 0.6610169491525424
Epoch 17, Loss: 0.5894188961740268
Validation Accuracy: 0.6419491525423728
Epoch 18, Loss: 0.5877221590381557
Validation Accuracy: 0.6588983050847458
Epoch 19, Loss: 0.5855652977854519
Validation Accuracy: 0.6567796610169492
Epoch 20, Loss: 0.5839494704189947
Validation Accuracy: 0.663135593220339
Epoch 21, Loss: 0.5823078685897892
Validation Accuracy: 0.663135593220339
Epoch 22, Loss: 0.5804101850016642
Validation Accuracy: 0.663135593220339
Epoch 23, Loss: 0.5792289628820905
Validation Accuracy: 0.652542372881356
Epoch 24, Loss: 0.5786929494243557
Validation Accuracy: 0.6567796610169492
Epoch 25, Loss: 0.5771056721776219
Validation Accuracy: 0.663135593220339
Epoch 26, Loss: 0.5753002717333325
Validation Accuracy: 0.6588983050847458
Epoch 27, Loss: 0.5737108855934466
Validation Accuracy: 0.6567796610169492
Epoch 28, Loss: 0.5737495851718774
Validation Accuracy: 0.6694915254237288
Epoch 29, Loss: 0.5731235414238299
Validation Accuracy: 0.6652542372881356
Epoch 30, Loss: 0.5717286002838006
Validation Accuracy: 0.6610169491525424
Epoch 31, Loss: 0.5704318845676164
Validation Accuracy: 0.6610169491525424
Epoch 32, Loss: 0.5694661640514762
Validation Accuracy: 0.663135593220339
Epoch 33, Loss: 0.5688622432239985
Validation Accuracy: 0.663135593220339
Epoch 34, Loss: 0.5680816274578289
Validation Accuracy: 0.6673728813559322
Epoch 35, Loss: 0.567112171043784
Validation Accuracy: 0.6758474576271186
Epoch 36, Loss: 0.5665506003266674
Validation Accuracy: 0.690677966101695
Epoch 37, Loss: 0.5656872528084254
Validation Accuracy: 0.6694915254237288
Epoch 38, Loss: 0.5650432316933648
Validation Accuracy: 0.6716101694915254
Epoch 39, Loss: 0.5637879492872853
Validation Accuracy: 0.684322033898305
Epoch 40, Loss: 0.5631403705831302
Validation Accuracy: 0.6652542372881356
Epoch 41, Loss: 0.5634272694587708
Validation Accuracy: 0.6864406779661016
Epoch 42, Loss: 0.5622027299161685
Validation Accuracy: 0.690677966101695
Epoch 43, Loss: 0.5617035364700576
Validation Accuracy: 0.6864406779661016
Epoch 44, Loss: 0.5614014803353002
Validation Accuracy: 0.684322033898305
Epoch 45, Loss: 0.5603351411172899
Validation Accuracy: 0.6885593220338984
Epoch 46, Loss: 0.5596326998734878
Validation Accuracy: 0.6927966101694916
Epoch 47, Loss: 0.5592479326967466
Validation Accuracy: 0.690677966101695
Epoch 48, Loss: 0.5591531542398162
Validation Accuracy: 0.690677966101695
Epoch 49, Loss: 0.5586119703317093
Validation Accuracy: 0.6800847457627118
Epoch 50, Loss: 0.5574905493501889
Validation Accuracy: 0.690677966101695
Epoch 51, Loss: 0.557172496440047
Validation Accuracy: 0.6885593220338984
Epoch 52, Loss: 0.5565083057193433
Validation Accuracy: 0.6864406779661016
Epoch 53, Loss: 0.555639395269297
Validation Accuracy: 0.6885593220338984
Epoch 54, Loss: 0.5556850544476913
Validation Accuracy: 0.6949152542372882
Epoch 55, Loss: 0.554568271010609
Validation Accuracy: 0.6779661016949152
Epoch 56, Loss: 0.5552851173837307
Validation Accuracy: 0.6800847457627118
Epoch 57, Loss: 0.553676775956558
Validation Accuracy: 0.6927966101694916
Epoch 58, Loss: 0.5540578648195429
Validation Accuracy: 0.690677966101695
Epoch 59, Loss: 0.5525306170269594
Validation Accuracy: 0.6800847457627118
Epoch 60, Loss: 0.5529334782543829
Validation Accuracy: 0.6779661016949152
Epoch 61, Loss: 0.5523998691874036
Validation Accuracy: 0.6927966101694916
Epoch 62, Loss: 0.5520482538110119
Validation Accuracy: 0.6864406779661016
Epoch 63, Loss: 0.551327058319318
Validation Accuracy: 0.6927966101694916
Epoch 64, Loss: 0.5508332227246237
Validation Accuracy: 0.684322033898305
Epoch 65, Loss: 0.550730488562988
Validation Accuracy: 0.684322033898305
Epoch 66, Loss: 0.5499798534280163
Validation Accuracy: 0.6822033898305084
Epoch 67, Loss: 0.5495984155242726
Validation Accuracy: 0.6864406779661016
Epoch 68, Loss: 0.5499234149011515
Validation Accuracy: 0.6822033898305084
Epoch 69, Loss: 0.5492426283278707
Validation Accuracy: 0.6864406779661016
Epoch 70, Loss: 0.5498021416744944
Validation Accuracy: 0.6822033898305084
Epoch 71, Loss: 0.5487473248425176
Validation Accuracy: 0.6864406779661016
Epoch 72, Loss: 0.5474856672650676
Validation Accuracy: 0.684322033898305
Epoch 73, Loss: 0.5485650472721811
Validation Accuracy: 0.6864406779661016
Epoch 74, Loss: 0.5469803572711298
Validation Accuracy: 0.6864406779661016
Epoch 75, Loss: 0.5467202724036524
Validation Accuracy: 0.6949152542372882
Epoch 76, Loss: 0.5463130337707067
Validation Accuracy: 0.684322033898305
Epoch 77, Loss: 0.5466399511038247
Validation Accuracy: 0.6822033898305084
Epoch 78, Loss: 0.5460852354259814
Validation Accuracy: 0.6885593220338984
Epoch 79, Loss: 0.5455346036765535
Validation Accuracy: 0.684322033898305
Epoch 80, Loss: 0.5450624096191535
Validation Accuracy: 0.6885593220338984
Epoch 81, Loss: 0.545499716774892
Validation Accuracy: 0.6864406779661016
Epoch 82, Loss: 0.5445178797689535
Validation Accuracy: 0.690677966101695
Epoch 83, Loss: 0.5440846989720555
Validation Accuracy: 0.6885593220338984
Epoch 84, Loss: 0.5445756265672587
Validation Accuracy: 0.684322033898305
Epoch 85, Loss: 0.5434102820137799
Validation Accuracy: 0.690677966101695
Epoch 86, Loss: 0.5433895451537634
Validation Accuracy: 0.6885593220338984
Epoch 87, Loss: 0.5433207300759978
Validation Accuracy: 0.6885593220338984
Epoch 88, Loss: 0.5431574860871848
Validation Accuracy: 0.6885593220338984
Epoch 89, Loss: 0.542527680174779
Validation Accuracy: 0.6885593220338984
Epoch 90, Loss: 0.5424215243024341
Validation Accuracy: 0.6949152542372882
wandb: - 0.004 MB of 577.233 MB uploadedwandb: \ 0.004 MB of 577.233 MB uploadedwandb: | 0.004 MB of 577.233 MB uploadedwandb: / 96.520 MB of 577.243 MB uploadedwandb: - 125.905 MB of 577.243 MB uploadedwandb: \ 163.811 MB of 577.243 MB uploadedwandb: | 204.171 MB of 577.243 MB uploadedwandb: / 240.733 MB of 577.243 MB uploadedwandb: - 281.889 MB of 577.243 MB uploadedwandb: \ 322.671 MB of 577.243 MB uploadedwandb: | 361.624 MB of 577.243 MB uploadedwandb: / 403.999 MB of 577.243 MB uploadedwandb: - 441.358 MB of 577.243 MB uploadedwandb: \ 482.327 MB of 577.243 MB uploadedwandb: | 518.327 MB of 577.243 MB uploadedwandb: / 556.046 MB of 577.243 MB uploadedwandb: - 577.243 MB of 577.243 MB uploadedwandb: 
wandb: Run history:
wandb:          Train Loss █▇▆▆▅▅▄▄▄▄▃▃▃▃▃▃▃▂▂▂▂▂▂▂▂▂▂▂▂▁▁▁▁▁▁▁▁▁▁▁
wandb: Validation Accuracy ▁▁▁▁▁▁▅▅▅▅▄▅▆▅▅▆▆▇█▇██▇▇▆█▆▇▇▇▇▇▇▇▇▇▇█▇█
wandb: 
wandb: Run summary:
wandb:          Train Loss 0.54242
wandb: Validation Accuracy 0.69492
wandb: 
wandb: 🚀 View run clip-only-90epochs at: https://wandb.ai/tlindeijer/dat550-multimodal/runs/e1eoy54t
wandb: ⭐️ View project at: https://wandb.ai/tlindeijer/dat550-multimodal
wandb: Synced 6 W&B file(s), 0 media file(s), 0 artifact file(s) and 1 other file(s)
wandb: Find logs at: ./wandb/run-20240416_112735-e1eoy54t/logs
