CUDA is a parallel computing platform for computing on GPUs, https://developer.nvidia.com/cuda-toolkit
 error: cuda-11.4.4 is not available on gorina9


A GPU-accelerated library of primitives for deep neural networks, https://developer.nvidia.com/cudnn
 error: cudnn-11.4-8.2.4 is not available on gorina9



Starting bootstrap test
Reading data
Finished reading data
Running bootstrap test
wandb: Currently logged in as: tlindeijer. Use `wandb login --relogin` to force relogin
wandb: Tracking run with wandb version 0.16.6
wandb: Run data is saved locally in /mnt/beegfs/home/timlin/dat550/TiToHeDAT550/wandb/run-20240423_073440-3fjtsalf
wandb: Run `wandb offline` to turn off syncing.
wandb: Syncing run clip-only-90epochs-kfold-bootstrap-wo-conf
wandb: ⭐️ View project at https://wandb.ai/tlindeijer/dat550-multimodal
wandb: 🚀 View run at https://wandb.ai/tlindeijer/dat550-multimodal/runs/3fjtsalf
Accuracy: 0.6368613138686131
Precision: 0.40540540540540543
Recall: 0.25280898876404495
F1 Score: 0.31141868512110726
Accuracy: 0.6204379562043796
Precision: 0.25688073394495414
Recall: 0.18064516129032257
F1 Score: 0.21212121212121213
Accuracy: 0.6313868613138686
Precision: 0.3431372549019608
Recall: 0.20588235294117646
F1 Score: 0.25735294117647056
Accuracy: 0.6624087591240876
Precision: 0.3739130434782609
Recall: 0.27564102564102566
F1 Score: 0.3173431734317343
Accuracy: 0.5912408759124088
Precision: 0.27522935779816515
Recall: 0.17142857142857143
F1 Score: 0.2112676056338028
Accuracy: 0.6167883211678832
Precision: 0.3409090909090909
Recall: 0.26785714285714285
F1 Score: 0.3
Accuracy: 0.6076642335766423
Precision: 0.2857142857142857
Recall: 0.17647058823529413
F1 Score: 0.21818181818181817
Accuracy: 0.6313868613138686
Precision: 0.2916666666666667
Recall: 0.1728395061728395
F1 Score: 0.21705426356589147
Accuracy: 0.6186131386861314
Precision: 0.3783783783783784
Recall: 0.23076923076923078
F1 Score: 0.28668941979522183
Accuracy: 0.5948905109489051
Precision: 0.2980769230769231
Recall: 0.17222222222222222
F1 Score: 0.21830985915492956
Accuracy: 0.5711678832116789
Precision: 0.24347826086956523
Recall: 0.1590909090909091
F1 Score: 0.19243986254295534
Accuracy: 0.6131386861313869
Precision: 0.3076923076923077
Recall: 0.15819209039548024
F1 Score: 0.208955223880597
Accuracy: 0.6295620437956204
Precision: 0.38
Recall: 0.2122905027932961
F1 Score: 0.2724014336917563
Accuracy: 0.6259124087591241
Precision: 0.3644067796610169
Recall: 0.24855491329479767
F1 Score: 0.29553264604810997
Accuracy: 0.6113138686131386
Precision: 0.2767857142857143
Recall: 0.1901840490797546
F1 Score: 0.22545454545454546
Accuracy: 0.5857664233576643
Precision: 0.3076923076923077
Recall: 0.1978021978021978
F1 Score: 0.2408026755852843
Accuracy: 0.6094890510948905
Precision: 0.36363636363636365
Recall: 0.1925133689839572
F1 Score: 0.2517482517482518
Accuracy: 0.6167883211678832
Precision: 0.3584905660377358
Recall: 0.2111111111111111
F1 Score: 0.26573426573426573
Accuracy: 0.593065693430657
Precision: 0.43119266055045874
Recall: 0.22596153846153846
F1 Score: 0.29652996845425866
Accuracy: 0.6094890510948905
Precision: 0.308411214953271
Recall: 0.1907514450867052
F1 Score: 0.2357142857142857
Accuracy: 0.6295620437956204
Precision: 0.38596491228070173
Recall: 0.24858757062146894
F1 Score: 0.3024054982817869
Accuracy: 0.6113138686131386
Precision: 0.3119266055045872
Recall: 0.19767441860465115
F1 Score: 0.24199288256227758
Accuracy: 0.6131386861313869
Precision: 0.2962962962962963
Recall: 0.19047619047619047
F1 Score: 0.2318840579710145
Accuracy: 0.6131386861313869
Precision: 0.3645833333333333
Recall: 0.1881720430107527
F1 Score: 0.24822695035460993
Accuracy: 0.6441605839416058
Precision: 0.23
Recall: 0.16312056737588654
F1 Score: 0.1908713692946058
Accuracy: 0.6332116788321168
Precision: 0.3564356435643564
Recall: 0.20930232558139536
F1 Score: 0.26373626373626374
Accuracy: 0.635036496350365
Precision: 0.2909090909090909
Recall: 0.2077922077922078
F1 Score: 0.24242424242424243
Accuracy: 0.6259124087591241
Precision: 0.2808988764044944
Recall: 0.15060240963855423
F1 Score: 0.19607843137254902
Accuracy: 0.6167883211678832
Precision: 0.3592233009708738
Recall: 0.20441988950276244
F1 Score: 0.2605633802816901
Accuracy: 0.6423357664233577
Precision: 0.3333333333333333
Recall: 0.20987654320987653
F1 Score: 0.25757575757575757
Accuracy: 0.6405109489051095
Precision: 0.33613445378151263
Recall: 0.25316455696202533
F1 Score: 0.2888086642599278
Accuracy: 0.6295620437956204
Precision: 0.2956521739130435
Recall: 0.21794871794871795
F1 Score: 0.25092250922509224
Accuracy: 0.6478102189781022
Precision: 0.4166666666666667
Recall: 0.22598870056497175
F1 Score: 0.29304029304029305
Accuracy: 0.6222627737226277
Precision: 0.34951456310679613
Recall: 0.20454545454545456
F1 Score: 0.25806451612903225
Accuracy: 0.6405109489051095
Precision: 0.3548387096774194
Recall: 0.19411764705882353
F1 Score: 0.2509505703422053
Accuracy: 0.6277372262773723
Precision: 0.31683168316831684
Recall: 0.19161676646706588
F1 Score: 0.23880597014925373
Accuracy: 0.6076642335766423
Precision: 0.29523809523809524
Recall: 0.18023255813953487
F1 Score: 0.22382671480144403
Accuracy: 0.6295620437956204
Precision: 0.3063063063063063
Recall: 0.2125
F1 Score: 0.25092250922509224
Accuracy: 0.6204379562043796
Precision: 0.22
Recall: 0.14473684210526316
F1 Score: 0.1746031746031746
Accuracy: 0.5693430656934306
Precision: 0.29464285714285715
Recall: 0.1736842105263158
F1 Score: 0.2185430463576159
Accuracy: 0.6295620437956204
Precision: 0.3904761904761905
Recall: 0.22777777777777777
F1 Score: 0.28771929824561404
Accuracy: 0.6094890510948905
Precision: 0.2980769230769231
Recall: 0.18023255813953487
F1 Score: 0.2246376811594203
Accuracy: 0.6478102189781022
Precision: 0.31313131313131315
Recall: 0.1987179487179487
F1 Score: 0.24313725490196078
Accuracy: 0.5967153284671532
Precision: 0.26732673267326734
Recall: 0.15517241379310345
F1 Score: 0.19636363636363635
Accuracy: 0.6240875912408759
Precision: 0.32
Recall: 0.18823529411764706
F1 Score: 0.23703703703703705
Accuracy: 0.6021897810218978
Precision: 0.2636363636363636
Recall: 0.1746987951807229
F1 Score: 0.21014492753623187
Accuracy: 0.5948905109489051
Precision: 0.34951456310679613
Recall: 0.18848167539267016
F1 Score: 0.24489795918367346
Accuracy: 0.5711678832116789
Precision: 0.2564102564102564
Recall: 0.16853932584269662
F1 Score: 0.2033898305084746
Accuracy: 0.6313868613138686
Precision: 0.32673267326732675
Recall: 0.19760479041916168
F1 Score: 0.2462686567164179
Accuracy: 0.6021897810218978
Precision: 0.4
Recall: 0.2131979695431472
F1 Score: 0.2781456953642384
Accuracy: 0.635036496350365
Precision: 0.38461538461538464
Recall: 0.19553072625698323
F1 Score: 0.25925925925925924
Accuracy: 0.6076642335766423
Precision: 0.34285714285714286
Recall: 0.1978021978021978
F1 Score: 0.2508710801393728
Accuracy: 0.5693430656934306
Precision: 0.359375
Recall: 0.23
F1 Score: 0.2804878048780488
Accuracy: 0.6441605839416058
Precision: 0.42857142857142855
Recall: 0.23204419889502761
F1 Score: 0.3010752688172043
Accuracy: 0.5948905109489051
Precision: 0.27927927927927926
Recall: 0.1791907514450867
F1 Score: 0.21830985915492956
Accuracy: 0.5985401459854015
Precision: 0.27522935779816515
Recall: 0.17543859649122806
F1 Score: 0.21428571428571427
Accuracy: 0.6295620437956204
Precision: 0.41284403669724773
Recall: 0.24456521739130435
F1 Score: 0.30716723549488056
Accuracy: 0.6222627737226277
Precision: 0.2761904761904762
Recall: 0.18125
F1 Score: 0.2188679245283019
Accuracy: 0.6040145985401459
Precision: 0.3235294117647059
Recall: 0.18232044198895028
F1 Score: 0.2332155477031802
Accuracy: 0.6204379562043796
Precision: 0.32786885245901637
Recall: 0.24096385542168675
F1 Score: 0.2777777777777778
Accuracy: 0.6131386861313869
Precision: 0.3
Recall: 0.1744186046511628
F1 Score: 0.22058823529411764
Accuracy: 0.6368613138686131
Precision: 0.2923076923076923
Recall: 0.2620689655172414
F1 Score: 0.27636363636363637
Accuracy: 0.6076642335766423
Precision: 0.35
Recall: 0.2346368715083799
F1 Score: 0.2809364548494983
Accuracy: 0.5638686131386861
Precision: 0.2967032967032967
Recall: 0.13366336633663367
F1 Score: 0.18430034129692832
Accuracy: 0.6405109489051095
Precision: 0.32075471698113206
Recall: 0.2138364779874214
F1 Score: 0.25660377358490566
Accuracy: 0.6113138686131386
Precision: 0.23711340206185566
Recall: 0.1419753086419753
F1 Score: 0.1776061776061776
Accuracy: 0.6076642335766423
Precision: 0.32038834951456313
Recall: 0.1853932584269663
F1 Score: 0.23487544483985764
Accuracy: 0.6021897810218978
Precision: 0.3394495412844037
Recall: 0.20218579234972678
F1 Score: 0.2534246575342466
Accuracy: 0.6478102189781022
Precision: 0.30303030303030304
Recall: 0.19480519480519481
F1 Score: 0.23715415019762845
Accuracy: 0.5985401459854015
Precision: 0.375
Recall: 0.23684210526315788
F1 Score: 0.2903225806451613
Accuracy: 0.6058394160583942
Precision: 0.2857142857142857
Recall: 0.14689265536723164
F1 Score: 0.19402985074626866
Accuracy: 0.6131386861313869
Precision: 0.40625
Recall: 0.20103092783505155
F1 Score: 0.2689655172413793
Accuracy: 0.6094890510948905
Precision: 0.24299065420560748
Recall: 0.16352201257861634
F1 Score: 0.19548872180451127
Accuracy: 0.635036496350365
Precision: 0.40350877192982454
Recall: 0.25842696629213485
F1 Score: 0.3150684931506849
Accuracy: 0.5894160583941606
Precision: 0.25663716814159293
Recall: 0.17058823529411765
F1 Score: 0.2049469964664311
Accuracy: 0.6313868613138686
Precision: 0.3904761904761905
Recall: 0.22905027932960895
F1 Score: 0.2887323943661972
Accuracy: 0.6295620437956204
Precision: 0.3473684210526316
Recall: 0.1896551724137931
F1 Score: 0.24535315985130113
Accuracy: 0.6167883211678832
Precision: 0.312
Recall: 0.2392638036809816
F1 Score: 0.2708333333333333
Accuracy: 0.6021897810218978
Precision: 0.2815533980582524
Recall: 0.1676300578034682
F1 Score: 0.21014492753623187
Accuracy: 0.6131386861313869
Precision: 0.3238095238095238
Recall: 0.19428571428571428
F1 Score: 0.24285714285714285
Accuracy: 0.6222627737226277
Precision: 0.3826086956521739
Recall: 0.24444444444444444
F1 Score: 0.2983050847457627
Accuracy: 0.6532846715328468
Precision: 0.3644859813084112
Recall: 0.2422360248447205
F1 Score: 0.291044776119403
Accuracy: 0.593065693430657
Precision: 0.37
Recall: 0.18781725888324874
F1 Score: 0.24915824915824916
Accuracy: 0.6094890510948905
Precision: 0.29
Recall: 0.1686046511627907
F1 Score: 0.21323529411764705
Accuracy: 0.5967153284671532
Precision: 0.33043478260869563
Recall: 0.2087912087912088
F1 Score: 0.2558922558922559
Accuracy: 0.6405109489051095
Precision: 0.36752136752136755
Recall: 0.25903614457831325
F1 Score: 0.303886925795053
Accuracy: 0.6040145985401459
Precision: 0.2803738317757009
Recall: 0.17647058823529413
F1 Score: 0.21660649819494585
Accuracy: 0.6021897810218978
Precision: 0.3883495145631068
Recall: 0.20512820512820512
F1 Score: 0.2684563758389262
Accuracy: 0.6277372262773723
Precision: 0.32727272727272727
Recall: 0.21686746987951808
F1 Score: 0.2608695652173913
Accuracy: 0.6186131386861314
Precision: 0.3173076923076923
Recall: 0.19298245614035087
F1 Score: 0.24
Accuracy: 0.6058394160583942
Precision: 0.24528301886792453
Recall: 0.16049382716049382
F1 Score: 0.19402985074626866
Accuracy: 0.5766423357664233
Precision: 0.26548672566371684
Recall: 0.16759776536312848
F1 Score: 0.2054794520547945
Accuracy: 0.6094890510948905
Precision: 0.3617021276595745
Recall: 0.18085106382978725
F1 Score: 0.24113475177304963
Accuracy: 0.6131386861313869
Precision: 0.30973451327433627
Recall: 0.20710059171597633
F1 Score: 0.24822695035460993
Accuracy: 0.6295620437956204
Precision: 0.29545454545454547
Recall: 0.15568862275449102
F1 Score: 0.20392156862745098
Accuracy: 0.6040145985401459
Precision: 0.31896551724137934
Recall: 0.21142857142857144
F1 Score: 0.2542955326460481
Accuracy: 0.6040145985401459
Precision: 0.297029702970297
Recall: 0.17045454545454544
F1 Score: 0.21660649819494585
Accuracy: 0.6113138686131386
Precision: 0.39215686274509803
Recall: 0.2094240837696335
F1 Score: 0.27303754266211605
Accuracy: 0.6295620437956204
Precision: 0.425531914893617
Recall: 0.21164021164021163
F1 Score: 0.2826855123674912
Accuracy: 0.6313868613138686
Precision: 0.3565217391304348
Recall: 0.24260355029585798
F1 Score: 0.2887323943661972
Mean accuracy: 0.6157116788321167
Standard deviation of accuracy: 0.019538495945318073
Mean precision: 0.32653436579444145
Standard deviation of precision: 0.04906457158337297
Mean recall: 0.19973174127039783
Standard deviation of recall: 0.03105863565993426
Mean F1 score: 0.24706559456518046
Standard deviation of F1 score: 0.034941147947226206
wandb: - 0.015 MB of 0.015 MB uploadedwandb: \ 0.015 MB of 0.015 MB uploadedwandb: | 0.015 MB of 0.015 MB uploadedwandb: / 0.017 MB of 0.032 MB uploaded (0.001 MB deduped)wandb: - 0.018 MB of 0.032 MB uploaded (0.001 MB deduped)wandb: \ 0.018 MB of 0.032 MB uploaded (0.001 MB deduped)wandb: | 0.032 MB of 0.032 MB uploaded (0.001 MB deduped)wandb:                                                                                
wandb: W&B sync reduced upload amount by 3.3%             
wandb: 
wandb: Run history:
wandb: Bootstrap Accuracy ▇▆▅▆▂▆▃▅▆▅▆▆▇▆▆▅▆▄▄▆▇▇▄▄▅▁▄█▅▇▆▄█▅▄▆▂▅▄▆
wandb:           F1 Score █▅▇▃▂▆▄▆▇▄▅▂▇▅▄▁▇▂▃▅▅▇▃▄▃▁▄▄▆█▅▃▇▃▃▅▃▅▃▇
wandb:          Precision ▇▅▅▃▂▆▄▆▇▄▆▃▅▅▄▁▇▃▂▅▇█▃▄▄▄▄▄▇▇▅▃▆▃▃▅▃▄▄▆
wandb:             Recall ▇▅█▃▂▅▄▅▇▄▅▂▇▅▄▂▆▂▃▄▄▆▃▄▃▁▄▄▅█▄▃▇▃▃▅▃▅▃▇
wandb: 
wandb: Run summary:
wandb: Bootstrap Accuracy 0.63139
wandb:           F1 Score 0.28873
wandb:          Precision 0.35652
wandb:             Recall 0.2426
wandb: 
wandb: 🚀 View run clip-only-90epochs-kfold-bootstrap-wo-conf at: https://wandb.ai/tlindeijer/dat550-multimodal/runs/3fjtsalf
wandb: ⭐️ View project at: https://wandb.ai/tlindeijer/dat550-multimodal
wandb: Synced 6 W&B file(s), 0 media file(s), 2 artifact file(s) and 0 other file(s)
wandb: Find logs at: ./wandb/run-20240423_073440-3fjtsalf/logs
