CUDA is a parallel computing platform for computing on GPUs, https://developer.nvidia.com/cuda-toolkit
 error: cuda-11.4.4 is not available on gorina9


A GPU-accelerated library of primitives for deep neural networks, https://developer.nvidia.com/cudnn
 error: cudnn-11.4-8.2.4 is not available on gorina9



Starting bootstrap test
Reading data
Finished reading data
Running bootstrap test
wandb: Currently logged in as: tlindeijer. Use `wandb login --relogin` to force relogin
wandb: Tracking run with wandb version 0.16.6
wandb: Run data is saved locally in /mnt/beegfs/home/timlin/dat550/TiToHeDAT550/wandb/run-20240423_073538-g7ys8bsk
wandb: Run `wandb offline` to turn off syncing.
wandb: Syncing run clip-only-90epochs-bootstrap-wo-conf
wandb: ⭐️ View project at https://wandb.ai/tlindeijer/dat550-multimodal
wandb: 🚀 View run at https://wandb.ai/tlindeijer/dat550-multimodal/runs/g7ys8bsk
Accuracy: 0.6751824817518248
Precision: 0.45161290322580644
Recall: 0.08
F1 Score: 0.13592233009708737
Accuracy: 0.6587591240875912
Precision: 0.42857142857142855
Recall: 0.09944751381215469
F1 Score: 0.16143497757847533
Accuracy: 0.6733576642335767
Precision: 0.375
Recall: 0.08875739644970414
F1 Score: 0.14354066985645933
Accuracy: 0.6824817518248175
Precision: 0.46153846153846156
Recall: 0.06976744186046512
F1 Score: 0.12121212121212122
Accuracy: 0.6715328467153284
Precision: 0.24
Recall: 0.03592814371257485
F1 Score: 0.0625
Accuracy: 0.656934306569343
Precision: 0.3157894736842105
Recall: 0.06896551724137931
F1 Score: 0.11320754716981132
Accuracy: 0.677007299270073
Precision: 0.3235294117647059
Recall: 0.06666666666666667
F1 Score: 0.11055276381909548
Accuracy: 0.6715328467153284
Precision: 0.43243243243243246
Recall: 0.09142857142857143
F1 Score: 0.1509433962264151
Accuracy: 0.6624087591240876
Precision: 0.18181818181818182
Recall: 0.036585365853658534
F1 Score: 0.06091370558375635
Accuracy: 0.6514598540145985
Precision: 0.3142857142857143
Recall: 0.06179775280898876
F1 Score: 0.10328638497652583
Accuracy: 0.6642335766423357
Precision: 0.35135135135135137
Recall: 0.07514450867052024
F1 Score: 0.12380952380952381
Accuracy: 0.6733576642335767
Precision: 0.3333333333333333
Recall: 0.052941176470588235
F1 Score: 0.09137055837563451
Accuracy: 0.6879562043795621
Precision: 0.32432432432432434
Recall: 0.0759493670886076
F1 Score: 0.12307692307692308
Accuracy: 0.6824817518248175
Precision: 0.3888888888888889
Recall: 0.08433734939759036
F1 Score: 0.13861386138613863
Accuracy: 0.6386861313868614
Precision: 0.41379310344827586
Recall: 0.06217616580310881
F1 Score: 0.10810810810810811
Accuracy: 0.6642335766423357
Precision: 0.4897959183673469
Recall: 0.13114754098360656
F1 Score: 0.20689655172413793
Accuracy: 0.6751824817518248
Precision: 0.4473684210526316
Recall: 0.09770114942528736
F1 Score: 0.16037735849056603
Accuracy: 0.677007299270073
Precision: 0.3888888888888889
Recall: 0.08284023668639054
F1 Score: 0.13658536585365855
Accuracy: 0.6715328467153284
Precision: 0.34146341463414637
Recall: 0.08383233532934131
F1 Score: 0.1346153846153846
Accuracy: 0.6386861313868614
Precision: 0.23529411764705882
Recall: 0.044444444444444446
F1 Score: 0.07476635514018691
Accuracy: 0.6167883211678832
Precision: 0.41025641025641024
Recall: 0.07881773399014778
F1 Score: 0.1322314049586777
Accuracy: 0.6624087591240876
Precision: 0.6
Recall: 0.09424083769633508
F1 Score: 0.16289592760180996
Accuracy: 0.6879562043795621
Precision: 0.475
Recall: 0.11242603550295859
F1 Score: 0.18181818181818182
Accuracy: 0.6587591240875912
Precision: 0.2631578947368421
Recall: 0.05917159763313609
F1 Score: 0.0966183574879227
Accuracy: 0.6733576642335767
Precision: 0.42105263157894735
Recall: 0.09248554913294797
F1 Score: 0.15165876777251186
Accuracy: 0.6861313868613139
Precision: 0.41025641025641024
Recall: 0.09696969696969697
F1 Score: 0.1568627450980392
Accuracy: 0.6313868613138686
Precision: 0.5263157894736842
Recall: 0.09803921568627451
F1 Score: 0.1652892561983471
Accuracy: 0.6697080291970803
Precision: 0.28205128205128205
Recall: 0.06707317073170732
F1 Score: 0.10837438423645321
Accuracy: 0.6222627737226277
Precision: 0.3333333333333333
Recall: 0.06153846153846154
F1 Score: 0.1038961038961039
Accuracy: 0.656934306569343
Precision: 0.4722222222222222
Recall: 0.0913978494623656
F1 Score: 0.15315315315315314
Accuracy: 0.6131386861313869
Precision: 0.23684210526315788
Recall: 0.046875
F1 Score: 0.0782608695652174
Accuracy: 0.6715328467153284
Precision: 0.4642857142857143
Recall: 0.07303370786516854
F1 Score: 0.1262135922330097
Accuracy: 0.6551094890510949
Precision: 0.36363636363636365
Recall: 0.06666666666666667
F1 Score: 0.11267605633802817
Accuracy: 0.6861313868613139
Precision: 0.5
Recall: 0.11046511627906977
F1 Score: 0.18095238095238095
Accuracy: 0.6496350364963503
Precision: 0.36363636363636365
Recall: 0.08888888888888889
F1 Score: 0.14285714285714285
Accuracy: 0.6678832116788321
Precision: 0.4
Recall: 0.08
F1 Score: 0.13333333333333333
Accuracy: 0.656934306569343
Precision: 0.5
Recall: 0.09042553191489362
F1 Score: 0.15315315315315314
Accuracy: 0.7098540145985401
Precision: 0.2857142857142857
Recall: 0.10144927536231885
F1 Score: 0.1497326203208556
Accuracy: 0.6624087591240876
Precision: 0.32653061224489793
Recall: 0.09523809523809523
F1 Score: 0.14746543778801843
Accuracy: 0.6952554744525548
Precision: 0.35294117647058826
Recall: 0.07643312101910828
F1 Score: 0.1256544502617801
Accuracy: 0.6423357664233577
Precision: 0.46153846153846156
Recall: 0.09326424870466321
F1 Score: 0.15517241379310345
Accuracy: 0.6551094890510949
Precision: 0.28125
Recall: 0.05142857142857143
F1 Score: 0.08695652173913043
Accuracy: 0.6332116788321168
Precision: 0.3
Recall: 0.08287292817679558
F1 Score: 0.12987012987012986
Accuracy: 0.635036496350365
Precision: 0.3488372093023256
Recall: 0.08021390374331551
F1 Score: 0.13043478260869565
Accuracy: 0.6824817518248175
Precision: 0.3953488372093023
Recall: 0.10303030303030303
F1 Score: 0.16346153846153846
Accuracy: 0.656934306569343
Precision: 0.46875
Recall: 0.08064516129032258
F1 Score: 0.13761467889908258
Accuracy: 0.6459854014598541
Precision: 0.4358974358974359
Recall: 0.08994708994708994
F1 Score: 0.14912280701754385
Accuracy: 0.6605839416058394
Precision: 0.34146341463414637
Recall: 0.08092485549132948
F1 Score: 0.1308411214953271
Accuracy: 0.677007299270073
Precision: 0.2777777777777778
Recall: 0.062111801242236024
F1 Score: 0.10152284263959391
Accuracy: 0.6678832116788321
Precision: 0.3673469387755102
Recall: 0.10650887573964497
F1 Score: 0.1651376146788991
Accuracy: 0.6514598540145985
Precision: 0.5238095238095238
Recall: 0.057291666666666664
F1 Score: 0.10328638497652583
Accuracy: 0.6605839416058394
Precision: 0.3695652173913043
Recall: 0.09770114942528736
F1 Score: 0.15454545454545454
Accuracy: 0.6697080291970803
Precision: 0.4722222222222222
Recall: 0.09497206703910614
F1 Score: 0.15813953488372093
Accuracy: 0.6386861313868614
Precision: 0.3076923076923077
Recall: 0.06557377049180328
F1 Score: 0.10810810810810811
Accuracy: 0.698905109489051
Precision: 0.47058823529411764
Recall: 0.09815950920245399
F1 Score: 0.16243654822335024
Accuracy: 0.635036496350365
Precision: 0.35294117647058826
Recall: 0.06315789473684211
F1 Score: 0.10714285714285714
Accuracy: 0.6478102189781022
Precision: 0.28125
Recall: 0.05027932960893855
F1 Score: 0.08530805687203792
Accuracy: 0.6496350364963503
Precision: 0.3235294117647059
Recall: 0.06111111111111111
F1 Score: 0.102803738317757
Accuracy: 0.6861313868613139
Precision: 0.38095238095238093
Recall: 0.09876543209876543
F1 Score: 0.1568627450980392
Accuracy: 0.656934306569343
Precision: 0.3333333333333333
Recall: 0.044444444444444446
F1 Score: 0.0784313725490196
Accuracy: 0.6678832116788321
Precision: 0.4
Recall: 0.08
F1 Score: 0.13333333333333333
Accuracy: 0.6733576642335767
Precision: 0.32432432432432434
Recall: 0.07228915662650602
F1 Score: 0.11822660098522167
Accuracy: 0.6605839416058394
Precision: 0.29411764705882354
Recall: 0.05813953488372093
F1 Score: 0.0970873786407767
Accuracy: 0.6496350364963503
Precision: 0.375
Recall: 0.06521739130434782
F1 Score: 0.1111111111111111
Accuracy: 0.6551094890510949
Precision: 0.4473684210526316
Recall: 0.0918918918918919
F1 Score: 0.15246636771300448
Accuracy: 0.6861313868613139
Precision: 0.3695652173913043
Recall: 0.10625
F1 Score: 0.1650485436893204
Accuracy: 0.6715328467153284
Precision: 0.3548387096774194
Recall: 0.06432748538011696
F1 Score: 0.10891089108910891
Accuracy: 0.6587591240875912
Precision: 0.39622641509433965
Recall: 0.11931818181818182
F1 Score: 0.18340611353711792
Accuracy: 0.666058394160584
Precision: 0.36363636363636365
Recall: 0.06896551724137931
F1 Score: 0.11594202898550725
Accuracy: 0.6806569343065694
Precision: 0.35555555555555557
Recall: 0.09876543209876543
F1 Score: 0.15458937198067632
Accuracy: 0.666058394160584
Precision: 0.36363636363636365
Recall: 0.0935672514619883
F1 Score: 0.14883720930232558
Accuracy: 0.677007299270073
Precision: 0.3448275862068966
Recall: 0.05952380952380952
F1 Score: 0.10152284263959391
Accuracy: 0.6715328467153284
Precision: 0.4864864864864865
Recall: 0.1005586592178771
F1 Score: 0.16666666666666666
Accuracy: 0.6788321167883211
Precision: 0.38235294117647056
Recall: 0.07738095238095238
F1 Score: 0.12871287128712872
Accuracy: 0.6532846715328468
Precision: 0.4146341463414634
Recall: 0.09289617486338798
F1 Score: 0.15178571428571427
Accuracy: 0.6532846715328468
Precision: 0.3333333333333333
Recall: 0.06741573033707865
F1 Score: 0.11214953271028037
Accuracy: 0.6788321167883211
Precision: 0.3
Recall: 0.054878048780487805
F1 Score: 0.09278350515463918
Accuracy: 0.6624087591240876
Precision: 0.42105263157894735
Recall: 0.0893854748603352
F1 Score: 0.14746543778801843
Accuracy: 0.7098540145985401
Precision: 0.43902439024390244
Recall: 0.11688311688311688
F1 Score: 0.18461538461538463
Accuracy: 0.6624087591240876
Precision: 0.40540540540540543
Recall: 0.08426966292134831
F1 Score: 0.13953488372093023
Accuracy: 0.6642335766423357
Precision: 0.35
Recall: 0.08139534883720931
F1 Score: 0.1320754716981132
Accuracy: 0.656934306569343
Precision: 0.5
Recall: 0.10638297872340426
F1 Score: 0.17543859649122806
Accuracy: 0.6642335766423357
Precision: 0.38095238095238093
Recall: 0.09195402298850575
F1 Score: 0.14814814814814814
Accuracy: 0.6952554744525548
Precision: 0.39285714285714285
Recall: 0.06832298136645963
F1 Score: 0.1164021164021164
Accuracy: 0.6514598540145985
Precision: 0.2857142857142857
Recall: 0.0446927374301676
F1 Score: 0.07729468599033816
Accuracy: 0.6916058394160584
Precision: 0.46153846153846156
Recall: 0.10843373493975904
F1 Score: 0.17560975609756097
Accuracy: 0.6715328467153284
Precision: 0.425
Recall: 0.09770114942528736
F1 Score: 0.1588785046728972
Accuracy: 0.6496350364963503
Precision: 0.2702702702702703
Recall: 0.05714285714285714
F1 Score: 0.09433962264150944
Accuracy: 0.6587591240875912
Precision: 0.48148148148148145
Recall: 0.06989247311827956
F1 Score: 0.12206572769953052
Accuracy: 0.6916058394160584
Precision: 0.3684210526315789
Recall: 0.0880503144654088
F1 Score: 0.14213197969543148
Accuracy: 0.666058394160584
Precision: 0.35135135135135137
Recall: 0.0755813953488372
F1 Score: 0.12440191387559808
Accuracy: 0.6624087591240876
Precision: 0.32558139534883723
Recall: 0.08235294117647059
F1 Score: 0.13145539906103287
Accuracy: 0.6605839416058394
Precision: 0.2727272727272727
Recall: 0.05263157894736842
F1 Score: 0.08823529411764706
Accuracy: 0.6861313868613139
Precision: 0.40625
Recall: 0.0783132530120482
F1 Score: 0.13131313131313133
Accuracy: 0.6496350364963503
Precision: 0.2564102564102564
Recall: 0.057803468208092484
F1 Score: 0.09433962264150944
Accuracy: 0.6642335766423357
Precision: 0.46808510638297873
Recall: 0.12154696132596685
F1 Score: 0.19298245614035087
Accuracy: 0.6551094890510949
Precision: 0.3
Recall: 0.06936416184971098
F1 Score: 0.11267605633802817
Accuracy: 0.666058394160584
Precision: 0.375
Recall: 0.08670520231213873
F1 Score: 0.14084507042253522
Accuracy: 0.6952554744525548
Precision: 0.5
Recall: 0.11976047904191617
F1 Score: 0.1932367149758454
Accuracy: 0.6788321167883211
Precision: 0.35714285714285715
Recall: 0.05952380952380952
F1 Score: 0.10204081632653061
Mean accuracy: 0.6650182481751824
Standard deviation of accuracy: 0.01813331552620574
Mean precision: 0.37820575501492315
Standard deviation of precision: 0.07660949370221908
Mean recall: 0.0801337363099057
Standard deviation of recall: 0.02014788094202487
Mean F1 score: 0.13160137332028987
Standard deviation of F1 score: 0.0306746984209462
wandb: - 0.015 MB of 0.015 MB uploadedwandb: \ 0.015 MB of 0.030 MB uploadedwandb: | 0.015 MB of 0.030 MB uploadedwandb: / 0.015 MB of 0.030 MB uploadedwandb: - 0.030 MB of 0.030 MB uploadedwandb:                                                                                
wandb: 
wandb: Run history:
wandb: Bootstrap Accuracy ▅▅▄▅▅▆▅▆▁▆▆▅▁▆▅▅▃▃▄▆▄▃▃▆▅▄▅▅▆▆▆█▄▇▅▄▅▆▄▆
wandb:           F1 Score ▄▅▃▅▃▃█▄▄▇▅▃▁▇▄▅▅▄▄▂▂▃▃▅▄▃▃▃▂▄▂▇▆▃▅▃▄▄▃▂
wandb:          Precision ▆▄▃▆▄▃▇▅▅▇▅▂▁▇▅▃▆▄▇▂█▃▄▅▅▄▄▄▄▅▃▆▇▅▆▇▃▅▃▄
wandb:             Recall ▄▄▃▅▃▃█▄▄▆▅▃▁▆▄▅▅▄▄▂▂▃▂▅▄▃▂▃▂▄▂▇▆▃▅▃▄▄▃▂
wandb: 
wandb: Run summary:
wandb: Bootstrap Accuracy 0.67883
wandb:           F1 Score 0.10204
wandb:          Precision 0.35714
wandb:             Recall 0.05952
wandb: 
wandb: 🚀 View run clip-only-90epochs-bootstrap-wo-conf at: https://wandb.ai/tlindeijer/dat550-multimodal/runs/g7ys8bsk
wandb: ⭐️ View project at: https://wandb.ai/tlindeijer/dat550-multimodal
wandb: Synced 6 W&B file(s), 0 media file(s), 0 artifact file(s) and 0 other file(s)
wandb: Find logs at: ./wandb/run-20240423_073538-g7ys8bsk/logs
