CUDA is a parallel computing platform for computing on GPUs, https://developer.nvidia.com/cuda-toolkit
 error: cuda-11.4.4 is not available on gorina9


A GPU-accelerated library of primitives for deep neural networks, https://developer.nvidia.com/cudnn
 error: cudnn-11.4-8.2.4 is not available on gorina9



Zip file extraction started
Zip file extracted
Reading data
Finished reading data
Preparing data
wandb: Currently logged in as: tlindeijer. Use `wandb login --relogin` to force relogin
wandb: Tracking run with wandb version 0.16.6
wandb: Run data is saved locally in /mnt/beegfs/home/timlin/dat550/TiToHeDAT550/wandb/run-20240422_093547-g3n2ww3g
wandb: Run `wandb offline` to turn off syncing.
wandb: Syncing run clip-only-90epochs-kfold-cleaned
wandb: ⭐️ View project at https://wandb.ai/tlindeijer/dat550-multimodal
wandb: 🚀 View run at https://wandb.ai/tlindeijer/dat550-multimodal/runs/g3n2ww3g
Fold 1
Epoch 1, Loss: 0.6496038143917665
Validation Accuracy: 0.6588983050847458
Epoch 2, Loss: 0.6379272038653746
Validation Accuracy: 0.6588983050847458
Epoch 3, Loss: 0.6307180958279108
Validation Accuracy: 0.6588983050847458
Epoch 4, Loss: 0.625473393222033
Validation Accuracy: 0.6588983050847458
Epoch 5, Loss: 0.6201221417572539
Validation Accuracy: 0.663135593220339
Epoch 6, Loss: 0.6150775481078584
Validation Accuracy: 0.6610169491525424
Epoch 7, Loss: 0.6112984822968305
Validation Accuracy: 0.6652542372881356
Epoch 8, Loss: 0.6074025590540999
Validation Accuracy: 0.6652542372881356
Epoch 9, Loss: 0.6035054381621086
Validation Accuracy: 0.6716101694915254
Epoch 10, Loss: 0.6003370022369643
Validation Accuracy: 0.673728813559322
Epoch 11, Loss: 0.5975455055802555
Validation Accuracy: 0.6800847457627118
Epoch 12, Loss: 0.594846846188529
Validation Accuracy: 0.6716101694915254
Epoch 13, Loss: 0.5923857446444236
Validation Accuracy: 0.6779661016949152
Epoch 14, Loss: 0.5903711909964934
Validation Accuracy: 0.6779661016949152
Epoch 15, Loss: 0.5885201778452275
Validation Accuracy: 0.6779661016949152
Epoch 16, Loss: 0.586281124818123
Validation Accuracy: 0.6694915254237288
Epoch 17, Loss: 0.5845843245417385
Validation Accuracy: 0.673728813559322
Epoch 18, Loss: 0.5826400311316474
Validation Accuracy: 0.6758474576271186
Fold 2
Epoch 1, Loss: 0.657070638769764
Validation Accuracy: 0.6836518046709129
Epoch 2, Loss: 0.6427820466332517
Validation Accuracy: 0.6836518046709129
Epoch 3, Loss: 0.6367610733387834
Validation Accuracy: 0.6836518046709129
Epoch 4, Loss: 0.6311941712589587
Validation Accuracy: 0.6836518046709129
Epoch 5, Loss: 0.625694491095462
Validation Accuracy: 0.6878980891719745
Epoch 6, Loss: 0.6213133446240829
Validation Accuracy: 0.6963906581740976
Epoch 7, Loss: 0.6175602623971842
Validation Accuracy: 0.7154989384288747
Epoch 8, Loss: 0.6143653231152033
Validation Accuracy: 0.7176220806794055
Epoch 9, Loss: 0.6106565382521031
Validation Accuracy: 0.7176220806794055
Epoch 10, Loss: 0.6079688890505646
Validation Accuracy: 0.7197452229299363
Epoch 11, Loss: 0.6046760041834944
Validation Accuracy: 0.7197452229299363
Epoch 12, Loss: 0.6026739892313036
Validation Accuracy: 0.7197452229299363
Epoch 13, Loss: 0.6009699217343735
Validation Accuracy: 0.721868365180467
Epoch 14, Loss: 0.5991176902237585
Validation Accuracy: 0.7197452229299363
Epoch 15, Loss: 0.5961507392131676
Validation Accuracy: 0.7282377919320594
Epoch 16, Loss: 0.5938934087753296
Validation Accuracy: 0.7239915074309978
Epoch 17, Loss: 0.5920681296768835
Validation Accuracy: 0.7303609341825902
Epoch 18, Loss: 0.5906498856463674
Validation Accuracy: 0.721868365180467
Fold 3
Epoch 1, Loss: 0.6531142117613453
Validation Accuracy: 0.6602972399150743
Epoch 2, Loss: 0.641398367235216
Validation Accuracy: 0.6602972399150743
Epoch 3, Loss: 0.6370864793405695
Validation Accuracy: 0.6602972399150743
Epoch 4, Loss: 0.6332249823263136
Validation Accuracy: 0.6602972399150743
Epoch 5, Loss: 0.6299731317213026
Validation Accuracy: 0.6602972399150743
Epoch 6, Loss: 0.6261576732336465
Validation Accuracy: 0.673036093418259
Epoch 7, Loss: 0.6241665745185594
Validation Accuracy: 0.673036093418259
Epoch 8, Loss: 0.6210317732924122
Validation Accuracy: 0.6772823779193206
Epoch 9, Loss: 0.6194001345311181
Validation Accuracy: 0.6794055201698513
Epoch 10, Loss: 0.6161441398879229
Validation Accuracy: 0.6772823779193206
Epoch 11, Loss: 0.6143120421191394
Validation Accuracy: 0.6815286624203821
Epoch 12, Loss: 0.6124165613772505
Validation Accuracy: 0.6836518046709129
Epoch 13, Loss: 0.61075704835229
Validation Accuracy: 0.6878980891719745
Epoch 14, Loss: 0.6087891368542687
Validation Accuracy: 0.6815286624203821
Epoch 15, Loss: 0.6070712920972856
Validation Accuracy: 0.6900212314225053
Epoch 16, Loss: 0.6051882985284773
Validation Accuracy: 0.6985138004246284
Epoch 17, Loss: 0.6041630137774904
Validation Accuracy: 0.692144373673036
Epoch 18, Loss: 0.6026483809543868
Validation Accuracy: 0.6942675159235668
Fold 4
Epoch 1, Loss: 0.6464240409560122
Validation Accuracy: 0.6220806794055201
Epoch 2, Loss: 0.6346893997515662
Validation Accuracy: 0.6220806794055201
Epoch 3, Loss: 0.6307559569003218
Validation Accuracy: 0.6220806794055201
Epoch 4, Loss: 0.6255439075372987
Validation Accuracy: 0.6220806794055201
Epoch 5, Loss: 0.6215476328033512
Validation Accuracy: 0.6220806794055201
Epoch 6, Loss: 0.6187093298313981
Validation Accuracy: 0.6220806794055201
Epoch 7, Loss: 0.6155870172937038
Validation Accuracy: 0.6220806794055201
Epoch 8, Loss: 0.6116500607991623
Validation Accuracy: 0.6305732484076433
Epoch 9, Loss: 0.6096382626032425
Validation Accuracy: 0.643312101910828
Epoch 10, Loss: 0.6074661016464233
Validation Accuracy: 0.6326963906581741
Epoch 11, Loss: 0.604870020332983
Validation Accuracy: 0.6539278131634819
Epoch 12, Loss: 0.6024666600308176
Validation Accuracy: 0.6326963906581741
Epoch 13, Loss: 0.6009346534640102
Validation Accuracy: 0.6326963906581741
Epoch 14, Loss: 0.5984489730859207
Validation Accuracy: 0.6539278131634819
Epoch 15, Loss: 0.5969020835423874
Validation Accuracy: 0.6602972399150743
Epoch 16, Loss: 0.5950007378044775
Validation Accuracy: 0.6602972399150743
Epoch 17, Loss: 0.5931504242501017
Validation Accuracy: 0.6687898089171974
Epoch 18, Loss: 0.591958397525852
Validation Accuracy: 0.6518046709129511
Fold 5
Epoch 1, Loss: 0.6485436417288699
Validation Accuracy: 0.6348195329087049
Epoch 2, Loss: 0.6352881880129798
Validation Accuracy: 0.6348195329087049
Epoch 3, Loss: 0.6277799070891688
Validation Accuracy: 0.6348195329087049
Epoch 4, Loss: 0.6214578131497916
Validation Accuracy: 0.6348195329087049
Epoch 5, Loss: 0.616134048518488
Validation Accuracy: 0.6390658174097664
Epoch 6, Loss: 0.6115592152385388
Validation Accuracy: 0.6411889596602972
Epoch 7, Loss: 0.6074329548973149
Validation Accuracy: 0.643312101910828
Epoch 8, Loss: 0.6034995186126838
Validation Accuracy: 0.6475583864118896
Epoch 9, Loss: 0.5997219863584486
Validation Accuracy: 0.6475583864118896
Epoch 10, Loss: 0.5967432356486886
Validation Accuracy: 0.6602972399150743
Epoch 11, Loss: 0.5941990331067877
Validation Accuracy: 0.673036093418259
Epoch 12, Loss: 0.592082609564571
Validation Accuracy: 0.6645435244161358
Epoch 13, Loss: 0.5886144193552308
Validation Accuracy: 0.6751592356687898
Epoch 14, Loss: 0.5864828016798375
Validation Accuracy: 0.6709129511677282
Epoch 15, Loss: 0.5841539694091021
Validation Accuracy: 0.6772823779193206
Epoch 16, Loss: 0.5823279402013553
Validation Accuracy: 0.6751592356687898
Epoch 17, Loss: 0.5802981898946277
Validation Accuracy: 0.6942675159235668
Epoch 18, Loss: 0.5789778469982794
Validation Accuracy: 0.6900212314225053
wandb: - 3.952 MB of 577.244 MB uploadedwandb: \ 11.671 MB of 577.244 MB uploadedwandb: | 11.671 MB of 577.244 MB uploadedwandb: / 11.671 MB of 577.244 MB uploadedwandb: - 125.751 MB of 577.256 MB uploaded (0.001 MB deduped)wandb: \ 157.715 MB of 577.256 MB uploaded (0.001 MB deduped)wandb: | 196.543 MB of 577.256 MB uploaded (0.001 MB deduped)wandb: / 236.386 MB of 577.256 MB uploaded (0.001 MB deduped)wandb: - 275.965 MB of 577.256 MB uploaded (0.001 MB deduped)wandb: \ 315.949 MB of 577.256 MB uploaded (0.001 MB deduped)wandb: | 352.465 MB of 577.256 MB uploaded (0.001 MB deduped)wandb: / 392.449 MB of 577.256 MB uploaded (0.001 MB deduped)wandb: - 432.449 MB of 577.256 MB uploaded (0.001 MB deduped)wandb: \ 472.246 MB of 577.256 MB uploaded (0.001 MB deduped)wandb: | 511.511 MB of 577.256 MB uploaded (0.001 MB deduped)wandb: / 552.230 MB of 577.256 MB uploaded (0.001 MB deduped)wandb: - 577.256 MB of 577.256 MB uploaded (0.001 MB deduped)wandb: \ 577.256 MB of 577.256 MB uploaded (0.001 MB deduped)wandb: | 577.256 MB of 577.256 MB uploaded (0.001 MB deduped)wandb:                                                                                
wandb: 
wandb: Run history:
wandb:          Train Loss ▇▆▅▄▃▂▂▂█▆▅▄▄▃▃▂█▆▅▅▄▄▄▃▇▅▅▄▄▃▃▂▆▅▄▃▂▂▁▁
wandb: Validation Accuracy ▃▃▄▄▄▄▅▄▅▅▅▇▇▇▇█▃▃▄▅▅▅▅▆▁▁▁▂▂▂▃▄▂▂▂▃▄▄▅▅
wandb: 
wandb: Run summary:
wandb:          Train Loss 0.57898
wandb: Validation Accuracy 0.69002
wandb: 
wandb: 🚀 View run clip-only-90epochs-kfold-cleaned at: https://wandb.ai/tlindeijer/dat550-multimodal/runs/g3n2ww3g
wandb: ⭐️ View project at: https://wandb.ai/tlindeijer/dat550-multimodal
wandb: Synced 6 W&B file(s), 0 media file(s), 2 artifact file(s) and 1 other file(s)
wandb: Find logs at: ./wandb/run-20240422_093547-g3n2ww3g/logs
