CUDA is a parallel computing platform for computing on GPUs, https://developer.nvidia.com/cuda-toolkit
 error: cuda-11.4.4 is not available on gorina9


A GPU-accelerated library of primitives for deep neural networks, https://developer.nvidia.com/cudnn
 error: cudnn-11.4-8.2.4 is not available on gorina9



Zip file extraction started
Zip file extracted
Reading data
Finished reading data
Preparing data
wandb: Currently logged in as: tlindeijer. Use `wandb login --relogin` to force relogin
wandb: Tracking run with wandb version 0.16.6
wandb: Run data is saved locally in /mnt/beegfs/home/timlin/dat550/TiToHeDAT550/wandb/run-20240422_205944-o5gceffx
wandb: Run `wandb offline` to turn off syncing.
wandb: Syncing run clip-only-90epochs-kfold-cleaned-wo-conf
wandb: ⭐️ View project at https://wandb.ai/tlindeijer/dat550-multimodal
wandb: 🚀 View run at https://wandb.ai/tlindeijer/dat550-multimodal/runs/o5gceffx
Fold 1
Epoch 1, Loss: 0.6646856342331838
Validation Accuracy: 0.6991525423728814
Epoch 2, Loss: 0.6208906204013501
Validation Accuracy: 0.7182203389830508
Epoch 3, Loss: 0.5907094801886607
Validation Accuracy: 0.7203389830508474
Epoch 4, Loss: 0.5674449503421783
Validation Accuracy: 0.7288135593220338
Epoch 5, Loss: 0.548933235770565
Validation Accuracy: 0.7245762711864406
Epoch 6, Loss: 0.5335727207741495
Validation Accuracy: 0.7309322033898306
Epoch 7, Loss: 0.520792207475436
Validation Accuracy: 0.7309322033898306
Epoch 8, Loss: 0.5092802886235512
Validation Accuracy: 0.7309322033898306
Epoch 9, Loss: 0.4997989838406191
Validation Accuracy: 0.7288135593220338
Epoch 10, Loss: 0.4906339342311277
Validation Accuracy: 0.7351694915254238
Epoch 11, Loss: 0.48301240700786396
Validation Accuracy: 0.739406779661017
Epoch 12, Loss: 0.47575124542591934
Validation Accuracy: 0.7415254237288136
Epoch 13, Loss: 0.46891419311701243
Validation Accuracy: 0.7478813559322034
Epoch 14, Loss: 0.46299366173097645
Validation Accuracy: 0.75
Epoch 15, Loss: 0.45776183423349415
Validation Accuracy: 0.75
Epoch 16, Loss: 0.4520215498188795
Validation Accuracy: 0.75
Epoch 17, Loss: 0.4471891577971184
Validation Accuracy: 0.7542372881355932
Epoch 18, Loss: 0.44232339828701345
Validation Accuracy: 0.7542372881355932
Fold 2
Epoch 1, Loss: 0.668931245803833
Validation Accuracy: 0.7239915074309978
Epoch 2, Loss: 0.6272671364121518
Validation Accuracy: 0.7473460721868365
Epoch 3, Loss: 0.5984940680406862
Validation Accuracy: 0.7643312101910829
Epoch 4, Loss: 0.5766275262428542
Validation Accuracy: 0.7622080679405521
Epoch 5, Loss: 0.558403809696941
Validation Accuracy: 0.7685774946921444
Epoch 6, Loss: 0.5437679704973253
Validation Accuracy: 0.7685774946921444
Epoch 7, Loss: 0.5305818642600107
Validation Accuracy: 0.7749469214437368
Epoch 8, Loss: 0.5196545017977893
Validation Accuracy: 0.7791932059447984
Epoch 9, Loss: 0.5097526882664632
Validation Accuracy: 0.7770700636942676
Epoch 10, Loss: 0.5009996744535737
Validation Accuracy: 0.7791932059447984
Epoch 11, Loss: 0.49297186782804586
Validation Accuracy: 0.7813163481953291
Epoch 12, Loss: 0.4857932495868812
Validation Accuracy: 0.7813163481953291
Epoch 13, Loss: 0.47898578542774006
Validation Accuracy: 0.7813163481953291
Epoch 14, Loss: 0.47260984273280127
Validation Accuracy: 0.7813163481953291
Epoch 15, Loss: 0.46709691872031
Validation Accuracy: 0.7791932059447984
Epoch 16, Loss: 0.46129802324004093
Validation Accuracy: 0.7813163481953291
Epoch 17, Loss: 0.45637340616371674
Validation Accuracy: 0.7876857749469215
Epoch 18, Loss: 0.45175992129212716
Validation Accuracy: 0.7876857749469215
Fold 3
Epoch 1, Loss: 0.6706056130134453
Validation Accuracy: 0.6985138004246284
Epoch 2, Loss: 0.628798479751005
Validation Accuracy: 0.7515923566878981
Epoch 3, Loss: 0.6003438411122661
Validation Accuracy: 0.7707006369426752
Epoch 4, Loss: 0.57863944566856
Validation Accuracy: 0.7685774946921444
Epoch 5, Loss: 0.5612908414864944
Validation Accuracy: 0.7643312101910829
Epoch 6, Loss: 0.5466823047500545
Validation Accuracy: 0.7707006369426752
Epoch 7, Loss: 0.5345182519848064
Validation Accuracy: 0.7707006369426752
Epoch 8, Loss: 0.5236033246678821
Validation Accuracy: 0.7749469214437368
Epoch 9, Loss: 0.5141310767602112
Validation Accuracy: 0.7749469214437368
Epoch 10, Loss: 0.5061505573280787
Validation Accuracy: 0.7813163481953291
Epoch 11, Loss: 0.49823638190657404
Validation Accuracy: 0.7834394904458599
Epoch 12, Loss: 0.4913179207656343
Validation Accuracy: 0.7834394904458599
Epoch 13, Loss: 0.48493704149278544
Validation Accuracy: 0.7834394904458599
Epoch 14, Loss: 0.4791126852318392
Validation Accuracy: 0.7855626326963907
Epoch 15, Loss: 0.47372723939055106
Validation Accuracy: 0.7898089171974523
Epoch 16, Loss: 0.46835753321647644
Validation Accuracy: 0.7898089171974523
Epoch 17, Loss: 0.46349744827060374
Validation Accuracy: 0.7940552016985138
Epoch 18, Loss: 0.4589684863211745
Validation Accuracy: 0.7919320594479831
Fold 4
Epoch 1, Loss: 0.6646193670014203
Validation Accuracy: 0.6369426751592356
Epoch 2, Loss: 0.6230295532840794
Validation Accuracy: 0.70276008492569
Epoch 3, Loss: 0.595276149652772
Validation Accuracy: 0.7112526539278131
Epoch 4, Loss: 0.5735838140471506
Validation Accuracy: 0.732484076433121
Epoch 5, Loss: 0.5559612982353922
Validation Accuracy: 0.7346072186836518
Epoch 6, Loss: 0.5415058711827812
Validation Accuracy: 0.7430997876857749
Epoch 7, Loss: 0.5290542381294703
Validation Accuracy: 0.7515923566878981
Epoch 8, Loss: 0.5182383201890073
Validation Accuracy: 0.7558386411889597
Epoch 9, Loss: 0.5085155357748775
Validation Accuracy: 0.7600849256900213
Epoch 10, Loss: 0.5002327116869264
Validation Accuracy: 0.7600849256900213
Epoch 11, Loss: 0.4921806596093259
Validation Accuracy: 0.7622080679405521
Epoch 12, Loss: 0.48518592422291384
Validation Accuracy: 0.7685774946921444
Epoch 13, Loss: 0.47864917880397734
Validation Accuracy: 0.772823779193206
Epoch 14, Loss: 0.472593358007528
Validation Accuracy: 0.772823779193206
Epoch 15, Loss: 0.4667964335215294
Validation Accuracy: 0.772823779193206
Epoch 16, Loss: 0.4616340893810078
Validation Accuracy: 0.7770700636942676
Epoch 17, Loss: 0.4569432124242944
Validation Accuracy: 0.7770700636942676
Epoch 18, Loss: 0.45209564495894866
Validation Accuracy: 0.7707006369426752
Fold 5
Epoch 1, Loss: 0.6653051396547738
Validation Accuracy: 0.6751592356687898
Epoch 2, Loss: 0.6217031438471907
Validation Accuracy: 0.70276008492569
Epoch 3, Loss: 0.5917808575145269
Validation Accuracy: 0.7303609341825902
Epoch 4, Loss: 0.5691589596918074
Validation Accuracy: 0.721868365180467
Epoch 5, Loss: 0.5511130508729967
Validation Accuracy: 0.7282377919320594
Epoch 6, Loss: 0.5357897877693176
Validation Accuracy: 0.7197452229299363
Epoch 7, Loss: 0.5229277878494586
Validation Accuracy: 0.7282377919320594
Epoch 8, Loss: 0.5117437632407172
Validation Accuracy: 0.7303609341825902
Epoch 9, Loss: 0.5022199396359719
Validation Accuracy: 0.732484076433121
Epoch 10, Loss: 0.4936984206660319
Validation Accuracy: 0.7303609341825902
Epoch 11, Loss: 0.4857539610337403
Validation Accuracy: 0.7346072186836518
Epoch 12, Loss: 0.4783158625586558
Validation Accuracy: 0.7346072186836518
Epoch 13, Loss: 0.4719872156442222
Validation Accuracy: 0.7473460721868365
Epoch 14, Loss: 0.4659530414363085
Validation Accuracy: 0.7452229299363057
Epoch 15, Loss: 0.46040383637961696
Validation Accuracy: 0.7473460721868365
Epoch 16, Loss: 0.45484742522239685
Validation Accuracy: 0.7515923566878981
Epoch 17, Loss: 0.45041836924472095
Validation Accuracy: 0.7579617834394905
Epoch 18, Loss: 0.44571498288946637
Validation Accuracy: 0.7558386411889597
wandb: - 8.983 MB of 577.244 MB uploadedwandb: \ 8.983 MB of 577.244 MB uploadedwandb: | 8.983 MB of 577.244 MB uploadedwandb: / 8.983 MB of 577.244 MB uploadedwandb: - 133.376 MB of 577.256 MB uploaded (0.001 MB deduped)wandb: \ 173.371 MB of 577.256 MB uploaded (0.001 MB deduped)wandb: | 212.668 MB of 577.256 MB uploaded (0.001 MB deduped)wandb: / 254.761 MB of 577.256 MB uploaded (0.001 MB deduped)wandb: - 297.636 MB of 577.256 MB uploaded (0.001 MB deduped)wandb: \ 339.683 MB of 577.256 MB uploaded (0.001 MB deduped)wandb: | 382.277 MB of 577.256 MB uploaded (0.001 MB deduped)wandb: / 423.902 MB of 577.256 MB uploaded (0.001 MB deduped)wandb: - 466.558 MB of 577.256 MB uploaded (0.001 MB deduped)wandb: \ 509.433 MB of 577.256 MB uploaded (0.001 MB deduped)wandb: | 552.246 MB of 577.256 MB uploaded (0.001 MB deduped)wandb: / 552.246 MB of 577.256 MB uploaded (0.001 MB deduped)wandb: - 577.256 MB of 577.256 MB uploaded (0.001 MB deduped)wandb:                                                                                
wandb: 
wandb: Run history:
wandb:          Train Loss █▆▄▃▂▂▂▁█▆▅▃▃▂▂▁█▆▄▃▃▂▂▂█▅▄▃▃▂▂▁▆▅▄▃▂▂▁▁
wandb: Validation Accuracy ▄▅▅▅▅▆▆▆▅▇▇▇▇▇▇█▄▇▇▇▇███▁▅▆▆▆▇▇▇▄▅▅▅▅▆▆▆
wandb: 
wandb: Run summary:
wandb:          Train Loss 0.44571
wandb: Validation Accuracy 0.75584
wandb: 
wandb: 🚀 View run clip-only-90epochs-kfold-cleaned-wo-conf at: https://wandb.ai/tlindeijer/dat550-multimodal/runs/o5gceffx
wandb: ⭐️ View project at: https://wandb.ai/tlindeijer/dat550-multimodal
wandb: Synced 6 W&B file(s), 0 media file(s), 2 artifact file(s) and 1 other file(s)
wandb: Find logs at: ./wandb/run-20240422_205944-o5gceffx/logs
