CUDA is a parallel computing platform for computing on GPUs, https://developer.nvidia.com/cuda-toolkit
prepending to __UENV: cuda-11.4.4
setting env CUDA_HOME=/usr/local/_cuda/cuda-11.4.4_ubuntu20
prepending to PATH: /usr/local/_cuda/cuda-11.4.4_ubuntu20/bin
prepending to LD_LIBRARY_PATH: /usr/local/_cuda/cuda-11.4.4_ubuntu20/lib64


A GPU-accelerated library of primitives for deep neural networks, https://developer.nvidia.com/cudnn
 error: cudnn-11.4-8.2.4 is not available on gorina7



Starting bootstrap test
Reading data
Finished reading data
Running bootstrap test
wandb: Currently logged in as: tlindeijer. Use `wandb login --relogin` to force relogin
wandb: Tracking run with wandb version 0.16.6
wandb: Run data is saved locally in /mnt/beegfs/home/timlin/dat550/TiToHeDAT550/wandb/run-20240423_095023-z1hf4kkb
wandb: Run `wandb offline` to turn off syncing.
wandb: Syncing run clip-only-bootstrap
wandb: ⭐️ View project at https://wandb.ai/tlindeijer/dat550-multimodal
wandb: 🚀 View run at https://wandb.ai/tlindeijer/dat550-multimodal/runs/z1hf4kkb
Accuracy: 0.541970802919708
Precision: 0.324468085106383
Recall: 0.32972972972972975
F1 Score: 0.32707774798927614
Accuracy: 0.5237226277372263
Precision: 0.273224043715847
Recall: 0.2808988764044944
F1 Score: 0.2770083102493075
Accuracy: 0.5291970802919708
Precision: 0.3036649214659686
Recall: 0.31693989071038253
F1 Score: 0.31016042780748665
Accuracy: 0.5784671532846716
Precision: 0.3313253012048193
Recall: 0.3142857142857143
F1 Score: 0.3225806451612903
Accuracy: 0.5474452554744526
Precision: 0.31351351351351353
Recall: 0.3240223463687151
F1 Score: 0.31868131868131866
Accuracy: 0.5492700729927007
Precision: 0.24
Recall: 0.2692307692307692
F1 Score: 0.2537764350453172
Accuracy: 0.5711678832116789
Precision: 0.30409356725146197
Recall: 0.30952380952380953
F1 Score: 0.30678466076696165
Accuracy: 0.5565693430656934
Precision: 0.3064516129032258
Recall: 0.3333333333333333
F1 Score: 0.31932773109243695
Accuracy: 0.5821167883211679
Precision: 0.3170731707317073
Recall: 0.3076923076923077
F1 Score: 0.3123123123123123
Accuracy: 0.5620437956204379
Precision: 0.3
Recall: 0.29651162790697677
F1 Score: 0.2982456140350877
Accuracy: 0.5492700729927007
Precision: 0.3181818181818182
Recall: 0.30601092896174864
F1 Score: 0.31197771587743733
Accuracy: 0.5127737226277372
Precision: 0.23595505617977527
Recall: 0.24277456647398843
F1 Score: 0.23931623931623933
Accuracy: 0.5529197080291971
Precision: 0.3048128342245989
Recall: 0.3313953488372093
F1 Score: 0.31754874651810583
Accuracy: 0.5182481751824818
Precision: 0.27167630057803466
Recall: 0.25405405405405407
F1 Score: 0.26256983240223464
Accuracy: 0.5346715328467153
Precision: 0.26627218934911245
Recall: 0.2556818181818182
F1 Score: 0.2608695652173913
Accuracy: 0.5456204379562044
Precision: 0.3142857142857143
Recall: 0.29891304347826086
F1 Score: 0.3064066852367688
Accuracy: 0.5437956204379562
Precision: 0.2573099415204678
Recall: 0.2634730538922156
F1 Score: 0.2603550295857988
Accuracy: 0.5802919708029197
Precision: 0.30726256983240224
Recall: 0.3416149068322981
F1 Score: 0.3235294117647059
Accuracy: 0.5474452554744526
Precision: 0.2768361581920904
Recall: 0.28994082840236685
F1 Score: 0.2832369942196532
Accuracy: 0.5711678832116789
Precision: 0.30994152046783624
Recall: 0.31176470588235294
F1 Score: 0.31085043988269795
Accuracy: 0.541970802919708
Precision: 0.3089887640449438
Recall: 0.3005464480874317
F1 Score: 0.3047091412742382
Accuracy: 0.5255474452554745
Precision: 0.31693989071038253
Recall: 0.3005181347150259
F1 Score: 0.30851063829787234
Accuracy: 0.5237226277372263
Precision: 0.29949238578680204
Recall: 0.3241758241758242
F1 Score: 0.3113456464379947
Accuracy: 0.5401459854014599
Precision: 0.2937853107344633
Recall: 0.2905027932960894
F1 Score: 0.29213483146067415
Accuracy: 0.5784671532846716
Precision: 0.34591194968553457
Recall: 0.3021978021978022
F1 Score: 0.3225806451612903
Accuracy: 0.5529197080291971
Precision: 0.27218934911242604
Recall: 0.27380952380952384
F1 Score: 0.27299703264094954
Accuracy: 0.5383211678832117
Precision: 0.3128205128205128
Recall: 0.3388888888888889
F1 Score: 0.3253333333333333
Accuracy: 0.572992700729927
Precision: 0.32065217391304346
Recall: 0.35119047619047616
F1 Score: 0.3352272727272727
Accuracy: 0.5255474452554745
Precision: 0.29015544041450775
Recall: 0.3128491620111732
F1 Score: 0.3010752688172043
Accuracy: 0.5273722627737226
Precision: 0.3128491620111732
Recall: 0.2916666666666667
F1 Score: 0.3018867924528302
Accuracy: 0.5383211678832117
Precision: 0.2289156626506024
Recall: 0.2331288343558282
F1 Score: 0.23100303951367782
Accuracy: 0.5583941605839416
Precision: 0.29411764705882354
Recall: 0.3333333333333333
F1 Score: 0.3125
Accuracy: 0.5821167883211679
Precision: 0.31176470588235294
Recall: 0.3212121212121212
F1 Score: 0.3164179104477612
Accuracy: 0.5383211678832117
Precision: 0.2988505747126437
Recall: 0.28415300546448086
F1 Score: 0.2913165266106443
Accuracy: 0.5328467153284672
Precision: 0.3055555555555556
Recall: 0.2956989247311828
F1 Score: 0.3005464480874317
Accuracy: 0.5547445255474452
Precision: 0.3502824858757062
Recall: 0.32460732984293195
F1 Score: 0.33695652173913043
Accuracy: 0.5255474452554745
Precision: 0.26288659793814434
Recall: 0.30357142857142855
F1 Score: 0.281767955801105
Accuracy: 0.5456204379562044
Precision: 0.3157894736842105
Recall: 0.33519553072625696
F1 Score: 0.3252032520325203
Accuracy: 0.5748175182481752
Precision: 0.3423913043478261
Recall: 0.36
F1 Score: 0.35097493036211697
Accuracy: 0.572992700729927
Precision: 0.31216931216931215
Recall: 0.3619631901840491
F1 Score: 0.3352272727272727
Accuracy: 0.5656934306569343
Precision: 0.3522727272727273
Recall: 0.3333333333333333
F1 Score: 0.3425414364640884
Accuracy: 0.5401459854014599
Precision: 0.26842105263157895
Recall: 0.31097560975609756
F1 Score: 0.288135593220339
Accuracy: 0.5437956204379562
Precision: 0.2947976878612717
Recall: 0.2849162011173184
F1 Score: 0.2897727272727273
Accuracy: 0.5401459854014599
Precision: 0.294478527607362
Recall: 0.2594594594594595
F1 Score: 0.27586206896551724
Accuracy: 0.5529197080291971
Precision: 0.2702702702702703
Recall: 0.3125
F1 Score: 0.2898550724637681
Accuracy: 0.551094890510949
Precision: 0.292817679558011
Recall: 0.30994152046783624
F1 Score: 0.30113636363636365
Accuracy: 0.5748175182481752
Precision: 0.313953488372093
Recall: 0.31952662721893493
F1 Score: 0.31671554252199413
Accuracy: 0.5620437956204379
Precision: 0.32
Recall: 0.3163841807909605
F1 Score: 0.3181818181818182
Accuracy: 0.5565693430656934
Precision: 0.2897727272727273
Recall: 0.30177514792899407
F1 Score: 0.2956521739130435
Accuracy: 0.5401459854014599
Precision: 0.25888324873096447
Recall: 0.3248407643312102
F1 Score: 0.288135593220339
Accuracy: 0.5437956204379562
Precision: 0.3010752688172043
Recall: 0.3181818181818182
F1 Score: 0.30939226519337015
Accuracy: 0.5474452554744526
Precision: 0.26857142857142857
Recall: 0.281437125748503
F1 Score: 0.27485380116959063
Accuracy: 0.5967153284671532
Precision: 0.34911242603550297
Recall: 0.34705882352941175
F1 Score: 0.3480825958702065
Accuracy: 0.5802919708029197
Precision: 0.30128205128205127
Recall: 0.27976190476190477
F1 Score: 0.29012345679012347
Accuracy: 0.5218978102189781
Precision: 0.2737430167597765
Recall: 0.27071823204419887
F1 Score: 0.2722222222222222
Accuracy: 0.572992700729927
Precision: 0.3157894736842105
Recall: 0.3157894736842105
F1 Score: 0.3157894736842105
Accuracy: 0.5967153284671532
Precision: 0.3333333333333333
Recall: 0.32335329341317365
F1 Score: 0.3282674772036474
Accuracy: 0.5237226277372263
Precision: 0.3050847457627119
Recall: 0.28125
F1 Score: 0.2926829268292683
Accuracy: 0.5383211678832117
Precision: 0.32608695652173914
Recall: 0.31746031746031744
F1 Score: 0.32171581769436997
Accuracy: 0.5602189781021898
Precision: 0.2937853107344633
Recall: 0.30952380952380953
F1 Score: 0.30144927536231886
Accuracy: 0.5675182481751825
Precision: 0.29411764705882354
Recall: 0.2994011976047904
F1 Score: 0.29673590504451036
Accuracy: 0.5456204379562044
Precision: 0.30601092896174864
Recall: 0.3146067415730337
F1 Score: 0.31024930747922436
Accuracy: 0.5291970802919708
Precision: 0.22727272727272727
Recall: 0.24691358024691357
F1 Score: 0.23668639053254437
Accuracy: 0.5675182481751825
Precision: 0.3227848101265823
Recall: 0.281767955801105
F1 Score: 0.3008849557522124
Accuracy: 0.551094890510949
Precision: 0.3241758241758242
Recall: 0.3241758241758242
F1 Score: 0.3241758241758242
Accuracy: 0.5948905109489051
Precision: 0.33668341708542715
Recall: 0.4267515923566879
F1 Score: 0.37640449438202245
Accuracy: 0.5638686131386861
Precision: 0.31843575418994413
Recall: 0.3275862068965517
F1 Score: 0.32294617563739375
Accuracy: 0.5620437956204379
Precision: 0.3016759776536313
Recall: 0.31952662721893493
F1 Score: 0.3103448275862069
Accuracy: 0.5675182481751825
Precision: 0.3184713375796178
Recall: 0.2777777777777778
F1 Score: 0.29673590504451036
Accuracy: 0.5565693430656934
Precision: 0.29411764705882354
Recall: 0.3313253012048193
F1 Score: 0.311614730878187
Accuracy: 0.5200729927007299
Precision: 0.20588235294117646
Recall: 0.2147239263803681
F1 Score: 0.21021021021021022
Accuracy: 0.5565693430656934
Precision: 0.31693989071038253
Recall: 0.32954545454545453
F1 Score: 0.3231197771587744
wandb: Network error (ReadTimeout), entering retry loop.
Accuracy: 0.5784671532846716
Precision: 0.32748538011695905
Recall: 0.32558139534883723
F1 Score: 0.32653061224489793
Accuracy: 0.5675182481751825
Precision: 0.2893081761006289
Recall: 0.27058823529411763
F1 Score: 0.2796352583586626
Accuracy: 0.5492700729927007
Precision: 0.3149171270718232
Recall: 0.31666666666666665
F1 Score: 0.3157894736842105
Accuracy: 0.5711678832116789
Precision: 0.3216374269005848
Recall: 0.3160919540229885
F1 Score: 0.3188405797101449
Accuracy: 0.551094890510949
Precision: 0.2777777777777778
Recall: 0.30120481927710846
F1 Score: 0.28901734104046245
Accuracy: 0.5200729927007299
Precision: 0.28342245989304815
Recall: 0.29120879120879123
F1 Score: 0.2872628726287263
Accuracy: 0.5656934306569343
Precision: 0.30569948186528495
Recall: 0.3619631901840491
F1 Score: 0.33146067415730335
Accuracy: 0.5547445255474452
Precision: 0.32098765432098764
Recall: 0.27956989247311825
F1 Score: 0.2988505747126437
Accuracy: 0.551094890510949
Precision: 0.32105263157894737
Recall: 0.34269662921348315
F1 Score: 0.33152173913043476
Accuracy: 0.5711678832116789
Precision: 0.3837837837837838
Recall: 0.3697916666666667
F1 Score: 0.376657824933687
Accuracy: 0.572992700729927
Precision: 0.32222222222222224
Recall: 0.3411764705882353
F1 Score: 0.3314285714285714
Accuracy: 0.5492700729927007
Precision: 0.30978260869565216
Recall: 0.3220338983050847
F1 Score: 0.3157894736842105
Accuracy: 0.5656934306569343
Precision: 0.3829787234042553
Recall: 0.3711340206185567
F1 Score: 0.3769633507853403
Accuracy: 0.5364963503649635
Precision: 0.23655913978494625
Recall: 0.28205128205128205
F1 Score: 0.2573099415204678
Accuracy: 0.5492700729927007
Precision: 0.32222222222222224
Recall: 0.31693989071038253
F1 Score: 0.31955922865013775
Accuracy: 0.5638686131386861
Precision: 0.31097560975609756
Recall: 0.288135593220339
F1 Score: 0.2991202346041056
Accuracy: 0.5364963503649635
Precision: 0.3028571428571429
Recall: 0.2864864864864865
F1 Score: 0.29444444444444445
Accuracy: 0.5255474452554745
Precision: 0.2966507177033493
Recall: 0.35428571428571426
F1 Score: 0.3229166666666667
Accuracy: 0.5821167883211679
Precision: 0.36813186813186816
Recall: 0.3701657458563536
F1 Score: 0.3691460055096419
Accuracy: 0.5675182481751825
Precision: 0.3313253012048193
Recall: 0.30386740331491713
F1 Score: 0.3170028818443804
Accuracy: 0.551094890510949
Precision: 0.30409356725146197
Recall: 0.2905027932960894
F1 Score: 0.29714285714285715
Accuracy: 0.5273722627737226
Precision: 0.2840909090909091
Recall: 0.273224043715847
F1 Score: 0.2785515320334262
Accuracy: 0.583941605839416
Precision: 0.33766233766233766
Recall: 0.29213483146067415
F1 Score: 0.3132530120481928
Accuracy: 0.5346715328467153
Precision: 0.25609756097560976
Recall: 0.24
F1 Score: 0.24778761061946902
Accuracy: 0.5200729927007299
Precision: 0.24352331606217617
Recall: 0.2865853658536585
F1 Score: 0.26330532212885155
Accuracy: 0.5255474452554745
Precision: 0.25888324873096447
Recall: 0.3090909090909091
F1 Score: 0.281767955801105
Accuracy: 0.5273722627737226
Precision: 0.25301204819277107
Recall: 0.23728813559322035
F1 Score: 0.24489795918367346
Accuracy: 0.5547445255474452
Precision: 0.2129032258064516
Recall: 0.2129032258064516
F1 Score: 0.2129032258064516
Mean accuracy: 0.5519525547445256
Standard deviation of accuracy: 0.01972568653443073
Mean precision: 0.30042999982872964
Standard deviation of precision: 0.032913163652772075
Mean recall: 0.30582659957786845
Standard deviation of recall: 0.03473474831673634
Mean F1 score: 0.3025986375335126
Standard deviation of F1 score: 0.03133362499747085
wandb: - 0.005 MB of 0.005 MB uploadedwandb: \ 0.005 MB of 0.005 MB uploadedwandb: | 0.005 MB of 0.005 MB uploadedwandb: / 0.005 MB of 0.005 MB uploadedwandb: - 0.005 MB of 0.005 MB uploadedwandb: \ 0.005 MB of 0.005 MB uploadedwandb: | 0.005 MB of 0.005 MB uploadedwandb: / 0.007 MB of 0.022 MB uploaded (0.001 MB deduped)wandb: - 0.007 MB of 0.022 MB uploaded (0.001 MB deduped)wandb: \ 0.007 MB of 0.022 MB uploaded (0.001 MB deduped)wandb: | 0.007 MB of 0.022 MB uploaded (0.001 MB deduped)wandb: / 0.022 MB of 0.022 MB uploaded (0.001 MB deduped)wandb:                                                                                
wandb: W&B sync reduced upload amount by 4.8%             
wandb: 
wandb: Run history:
wandb: Bootstrap Accuracy ▄▂▄▅▄▅▄█▄▁▅▇▃▃▅▇▆▃▅▅▄█▇▃▇▇▆▇▅▇▅▆▇▄▄▃▇▂▁▅
wandb:           F1 Score ▆▅▃▆▅▅▅▆▅▅▄▆▂▄▆▇▇▄▅▅▅▄▅▆▅▅▆▅▆▄▄▆█▅▆▄▅▄▃▁
wandb:          Precision ▆▅▂▅▅▅▅▅▅▅▃▅▂▅▇▆▇▄▄▄▅▅▅▆▄▆▅▅▅▄▄▅█▅▅▅▆▄▂▁
wandb:             Recall ▆▆▄▆▅▆▅▇▅▆▄▇▂▄▆█▆▃▅▅▆▄▆▆▅▄▆▄▆▄▅██▆▆▄▅▄▄▁
wandb: 
wandb: Run summary:
wandb: Bootstrap Accuracy 0.55474
wandb:           F1 Score 0.2129
wandb:          Precision 0.2129
wandb:             Recall 0.2129
wandb: 
wandb: 🚀 View run clip-only-bootstrap at: https://wandb.ai/tlindeijer/dat550-multimodal/runs/z1hf4kkb
wandb: ⭐️ View project at: https://wandb.ai/tlindeijer/dat550-multimodal
wandb: Synced 6 W&B file(s), 0 media file(s), 2 artifact file(s) and 0 other file(s)
wandb: Find logs at: ./wandb/run-20240423_095023-z1hf4kkb/logs
